Removed Pin From Net: NetName=NetS2_1 Pin=S4-1
Change Component Comment : Designator=S2 Old Comment=SW-REZHIM New Comment=SW-SPDT
Added Component: Designator=S?(TL36WW15050)
Add component. Clean all parameters for all variants
Add component (AddParameter): Name = "ComponentLink1Description"; Value = "Manufacturer Link"; VariantName = "[No Variations]"
Add component (AddParameter): Name = "ComponentLink1URL"; Value = "http://www.apem.com"; VariantName = "[No Variations]"
Add component (AddParameter): Name = "DatasheetVersion"; Value = "05-Dec-2000"; VariantName = "[No Variations]"
Add component (AddParameter): Name = "LatestRevisionDate"; Value = "17-Dec-2003"; VariantName = "[No Variations]"
Add component (AddParameter): Name = "LatestRevisionNote"; Value = "Schematic revised, PCB Footprint replaced."; VariantName = "[No Variations]"
Add component (AddParameter): Name = "PackageDescription"; Value = "Switch; 4 Leads"; VariantName = "[No Variations]"
Add component (AddParameter): Name = "PackageReference"; Value = "TL36WW15050"; VariantName = "[No Variations]"
Add component (AddParameter): Name = "Published"; Value = "24-Mar-1999"; VariantName = "[No Variations]"
Add component (AddParameter): Name = "Publisher"; Value = "Altium Limited"; VariantName = "[No Variations]"
Added Pin To Net: NetName=NetS2_1 Pin=S?-1
Added Pin To Net: NetName=NetS?_2 Pin=S?-2
Added Pin To Net: NetName=NetS?_2 Pin=U3-7
Added Net: Name=NetS?_2
Added Pin To Net: NetName=NetS?_3 Pin=S?-3
Added Pin To Net: NetName=NetS?_3 Pin=U2-2
Added Net: Name=NetS?_3
Added Member To Class: ClassName=Sheet1 Member=Component S? SW-SPDT
