Change component parameters: Designator = "C1"; Footprint = "CAP0805"; UniqueID = "\NFVWAAPM"
Change component parameters. Clean all parameters for all variants
Change component parameters (AddParameter): Name = "Val"; Value = "10u"; VariantName = "[No Variations]"
Change component parameters: Designator = "C2"; Footprint = "CAP0805"; UniqueID = "\SHSMCBYV"
Change component parameters. Clean all parameters for all variants
Change component parameters (AddParameter): Name = "Val"; Value = "0.1u"; VariantName = "[No Variations]"
Change component parameters: Designator = "C3"; Footprint = "CAP0805"; UniqueID = "\MLEWGPKD"
Change component parameters. Clean all parameters for all variants
Change component parameters (AddParameter): Name = "Val"; Value = "10u"; VariantName = "[No Variations]"
Change component parameters: Designator = "C4"; Footprint = "CAP0805"; UniqueID = "\CXQCRVGD"
Change component parameters. Clean all parameters for all variants
Change component parameters (AddParameter): Name = "Val"; Value = "0.1u"; VariantName = "[No Variations]"
Change component parameters: Designator = "C5"; Footprint = "CAP0805"; UniqueID = "\GZMRZMXB"
Change component parameters. Clean all parameters for all variants
Change component parameters (AddParameter): Name = "Val"; Value = "10u"; VariantName = "[No Variations]"
Change component parameters: Designator = "C6"; Footprint = "CAP0805"; UniqueID = "\PAHHWCOR"
Change component parameters. Clean all parameters for all variants
Change component parameters (AddParameter): Name = "Val"; Value = "0.1u"; VariantName = "[No Variations]"
Change component parameters: Designator = "R1"; Footprint = "RES-0.125"; UniqueID = "\LUGCJLNQ"
Change component parameters. Clean all parameters for all variants
Change component parameters (AddParameter): Name = "Val"; Value = "15.1K"; VariantName = "[No Variations]"
Change component parameters: Designator = "R2"; Footprint = "RES-0.125"; UniqueID = "\OOIGFJJW"
Change component parameters. Clean all parameters for all variants
Change component parameters (AddParameter): Name = "Val"; Value = "380OM"; VariantName = "[No Variations]"
Change component parameters: Designator = "R3"; Footprint = "RES-0.125"; UniqueID = "\IGBOFALZ"
Change component parameters. Clean all parameters for all variants
Change component parameters (AddParameter): Name = "Val"; Value = "11.5K"; VariantName = "[No Variations]"
Change component parameters: Designator = "R4"; Footprint = "RES-0.125"; UniqueID = "\YYHRSYQL"
Change component parameters. Clean all parameters for all variants
Change component parameters (AddParameter): Name = "Val"; Value = "100K"; VariantName = "[No Variations]"
Change component parameters: Designator = "R5"; Footprint = "RES-0.125"; UniqueID = "\GPHQHOQD"
Change component parameters. Clean all parameters for all variants
Change component parameters (AddParameter): Name = "Val"; Value = "100K"; VariantName = "[No Variations]"
Change component parameters: Designator = "U2"; Footprint = "SOT108-1"; UniqueID = "\YSWQXYOB"
Change component parameters. Clean all parameters for all variants
Change component parameters (AddParameter): Name = "Copyright"; Value = "Copyright (C) 2016 Accelerated Designs. All rights reserved"; VariantName = "[No Variations]"
Change component parameters (AddParameter): Name = "Manufacturer_Part_Number"; Value = "74HC04D"; VariantName = "[No Variations]"
Change component parameters (AddParameter): Name = "RefDes"; Value = "RefDes"; VariantName = "[No Variations]"
Change component parameters (AddParameter): Name = "Type"; Value = "DEV"; VariantName = "[No Variations]"
Change component parameters (AddParameter): Name = "Value"; Value = "Value"; VariantName = "[No Variations]"
Change component parameters (AddParameter): Name = "Vendor"; Value = "Nexperia"; VariantName = "[No Variations]"
Change component parameters: Designator = "S1"; Footprint = "SPST-2"; UniqueID = "\ZQANQEDD"
Change component parameters. Clean all parameters for all variants
Change component parameters (AddParameter): Name = "LatestRevisionDate"; Value = "17-Jul-2002"; VariantName = "[No Variations]"
Change component parameters (AddParameter): Name = "LatestRevisionNote"; Value = "Re-released for DXP Platform."; VariantName = "[No Variations]"
Change component parameters (AddParameter): Name = "PackageDescription"; Value = "Switch; 2 Leads"; VariantName = "[No Variations]"
Change component parameters (AddParameter): Name = "PackageReference"; Value = "SPST-2"; VariantName = "[No Variations]"
Change component parameters (AddParameter): Name = "Published"; Value = "24-Mar-1999"; VariantName = "[No Variations]"
Change component parameters (AddParameter): Name = "Publisher"; Value = "Altium Limited"; VariantName = "[No Variations]"
Change component parameters: Designator = "S2"; Footprint = "TL36WW15050"; UniqueID = "\TTVVFRKH"
Change component parameters. Clean all parameters for all variants
Change component parameters (AddParameter): Name = "ComponentLink1Description"; Value = "Manufacturer Link"; VariantName = "[No Variations]"
Change component parameters (AddParameter): Name = "ComponentLink1URL"; Value = "http://www.apem.com"; VariantName = "[No Variations]"
Change component parameters (AddParameter): Name = "DatasheetVersion"; Value = "05-Dec-2000"; VariantName = "[No Variations]"
Change component parameters (AddParameter): Name = "LatestRevisionDate"; Value = "17-Dec-2003"; VariantName = "[No Variations]"
Change component parameters (AddParameter): Name = "LatestRevisionNote"; Value = "Schematic revised, PCB Footprint replaced."; VariantName = "[No Variations]"
Change component parameters (AddParameter): Name = "PackageDescription"; Value = "Switch; 4 Leads"; VariantName = "[No Variations]"
Change component parameters (AddParameter): Name = "PackageReference"; Value = "TL36WW15050"; VariantName = "[No Variations]"
Change component parameters (AddParameter): Name = "Published"; Value = "24-Mar-1999"; VariantName = "[No Variations]"
Change component parameters (AddParameter): Name = "Publisher"; Value = "Altium Limited"; VariantName = "[No Variations]"
Change component parameters: Designator = "S3"; Footprint = "TL36WW15050"; UniqueID = "\IXNXTDDJ"
Change component parameters. Clean all parameters for all variants
Change component parameters (AddParameter): Name = "ComponentLink1Description"; Value = "Manufacturer Link"; VariantName = "[No Variations]"
Change component parameters (AddParameter): Name = "ComponentLink1URL"; Value = "http://www.apem.com"; VariantName = "[No Variations]"
Change component parameters (AddParameter): Name = "DatasheetVersion"; Value = "05-Dec-2000"; VariantName = "[No Variations]"
Change component parameters (AddParameter): Name = "LatestRevisionDate"; Value = "17-Dec-2003"; VariantName = "[No Variations]"
Change component parameters (AddParameter): Name = "LatestRevisionNote"; Value = "Schematic revised, PCB Footprint replaced."; VariantName = "[No Variations]"
Change component parameters (AddParameter): Name = "PackageDescription"; Value = "Switch; 4 Leads"; VariantName = "[No Variations]"
Change component parameters (AddParameter): Name = "PackageReference"; Value = "TL36WW15050"; VariantName = "[No Variations]"
Change component parameters (AddParameter): Name = "Published"; Value = "24-Mar-1999"; VariantName = "[No Variations]"
Change component parameters (AddParameter): Name = "Publisher"; Value = "Altium Limited"; VariantName = "[No Variations]"
Change component parameters: Designator = "S4"; Footprint = "TL36WW15050"; UniqueID = "\IOKUMWVX"
Change component parameters. Clean all parameters for all variants
Change component parameters (AddParameter): Name = "ComponentLink1Description"; Value = "Manufacturer Link"; VariantName = "[No Variations]"
Change component parameters (AddParameter): Name = "ComponentLink1URL"; Value = "http://www.apem.com"; VariantName = "[No Variations]"
Change component parameters (AddParameter): Name = "DatasheetVersion"; Value = "05-Dec-2000"; VariantName = "[No Variations]"
Change component parameters (AddParameter): Name = "LatestRevisionDate"; Value = "17-Dec-2003"; VariantName = "[No Variations]"
Change component parameters (AddParameter): Name = "LatestRevisionNote"; Value = "Schematic revised, PCB Footprint replaced."; VariantName = "[No Variations]"
Change component parameters (AddParameter): Name = "PackageDescription"; Value = "Switch; 4 Leads"; VariantName = "[No Variations]"
Change component parameters (AddParameter): Name = "PackageReference"; Value = "TL36WW15050"; VariantName = "[No Variations]"
Change component parameters (AddParameter): Name = "Published"; Value = "24-Mar-1999"; VariantName = "[No Variations]"
Change component parameters (AddParameter): Name = "Publisher"; Value = "Altium Limited"; VariantName = "[No Variations]"
Change component parameters: Designator = "U1"; Footprint = "M08A_M"; UniqueID = "\WJGTRZBA"
Change component parameters. Clean all parameters for all variants
Change component parameters (AddParameter): Name = "Code_IPC"; Value = "SOIC127P600-8"; VariantName = "[No Variations]"
Change component parameters (AddParameter): Name = "Code_JEDEC"; Value = "MS-012-AA"; VariantName = "[No Variations]"
Change component parameters (AddParameter): Name = "ComponentLink1Description"; Value = "LM56 Datasheet"; VariantName = "[No Variations]"
Change component parameters (AddParameter): Name = "ComponentLink1URL"; Value = "http://www.national.com/ds/LM/LM56.pdf"; VariantName = "[No Variations]"
Change component parameters (AddParameter): Name = "ComponentLink2Description"; Value = "LM56 Web Page"; VariantName = "[No Variations]"
Change component parameters (AddParameter): Name = "ComponentLink2URL"; Value = "http://www.national.com/pf/LM/LM56.html"; VariantName = "[No Variations]"
Change component parameters (AddParameter): Name = "ComponentLink3Description"; Value = "M08A Package Page"; VariantName = "[No Variations]"
Change component parameters (AddParameter): Name = "ComponentLink3URL"; Value = "http://www.national.com/packaging/folders/m08a.html"; VariantName = "[No Variations]"
Change component parameters (AddParameter): Name = "CompType"; Value = "OtherParts"; VariantName = "[No Variations]"
Change component parameters (AddParameter): Name = "DatasheetVersion"; Value = "Aug-2009"; VariantName = "[No Variations]"
Change component parameters (AddParameter): Name = "Manufacturer"; Value = "National Semiconductor"; VariantName = "[No Variations]"
Change component parameters (AddParameter): Name = "PackageDescription"; Value = "SOIC Narrow, 4.9 x 3.9 x 1.45mm, 8 Lead, 1.27mm Pitch"; VariantName = "[No Variations]"
Change component parameters (AddParameter): Name = "PackageReference"; Value = "M08A"; VariantName = "[No Variations]"
Change component parameters (AddParameter): Name = "PackageTopMarking"; Value = "NSZXTT*LM56*BIM"; VariantName = "[No Variations]"
Change component parameters (AddParameter): Name = "PackageVersion"; Value = "revM, May-2009"; VariantName = "[No Variations]"
Change component parameters (AddParameter): Name = "PartNumber"; Value = "LM56BIM/NOPB"; VariantName = "[No Variations]"
Change component parameters (AddParameter): Name = "PinCount"; Value = "8"; VariantName = "[No Variations]"
Change component parameters (AddParameter): Name = "PowerWise"; Value = "Y"; VariantName = "[No Variations]"
Change component parameters (AddParameter): Name = "RevisionNote"; Value = "Component URLs added"; VariantName = "[No Variations]"
Change component parameters (AddParameter): Name = "RoHS"; Value = "Y"; VariantName = "[No Variations]"
