Change Component DesignItemId : Designator=R1 Old DesignItemId=Res2 New DesignItemId=RES-0.125
Change Component DesignItemId : Designator=R2 Old DesignItemId=Res2 New DesignItemId=RES-0.125
Change Component DesignItemId : Designator=R3 Old DesignItemId=Res2 New DesignItemId=RES-0.125
Change Component DesignItemId : Designator=R4 Old DesignItemId=Res2 New DesignItemId=RES-0.125
Change Component DesignItemId : Designator=R5 Old DesignItemId=Res2 New DesignItemId=RES-0.125
Change Component Footprint: Designator=R1 Old Footprint=AXIAL-0.4 New Footprint=RES-0.125
Change Component Footprint: Designator=R2 Old Footprint=AXIAL-0.4 New Footprint=RES-0.125
Change Component Footprint: Designator=R3 Old Footprint=AXIAL-0.4 New Footprint=RES-0.125
Change Component Footprint: Designator=R4 Old Footprint=AXIAL-0.4 New Footprint=RES-0.125
Change Component Footprint: Designator=R5 Old Footprint=AXIAL-0.4 New Footprint=RES-0.125
Change Component Footprint: Designator=U1 Old Footprint=M08A_M New Footprint=M08A_M
Change Component Comment : Designator=R1 Old Comment=Res2 New Comment=RES-0.125
Change Component Comment : Designator=R2 Old Comment=Res2 New Comment=RES-0.125
Change Component Comment : Designator=R3 Old Comment=Res2 New Comment=RES-0.125
Change Component Comment : Designator=R4 Old Comment=Res2 New Comment=RES-0.125
Change Component Comment : Designator=R5 Old Comment=Res2 New Comment=RES-0.125
Change Component Description : Designator=R1 Old Description=Resistor New Description=RES-0.125
Change Component Description : Designator=R2 Old Description=Resistor New Description=RES-0.125
Change Component Description : Designator=R3 Old Description=Resistor New Description=RES-0.125
Change Component Description : Designator=R4 Old Description=Resistor New Description=RES-0.125
Change Component Description : Designator=R5 Old Description=Resistor New Description=RES-0.125
Change Component Library : Designator=R1 Old Library=Miscellaneous Devices.IntLib New Library=Motor.SchLib
Change Component Library : Designator=R2 Old Library=Miscellaneous Devices.IntLib New Library=Motor.SchLib
Change Component Library : Designator=R3 Old Library=Miscellaneous Devices.IntLib New Library=Motor.SchLib
Change Component Library : Designator=R4 Old Library=Miscellaneous Devices.IntLib New Library=Motor.SchLib
Change Component Library : Designator=R5 Old Library=Miscellaneous Devices.IntLib New Library=Motor.SchLib
Change component parameters: Designator = "R1"; Footprint = "RES-0.125"; UniqueID = "\LUGCJLNQ"
Change component parameters. Clean all parameters for all variants
Change component parameters (AddParameter): Name = "Val"; Value = "15.1K"; VariantName = "[No Variations]"
Change component parameters: Designator = "R2"; Footprint = "RES-0.125"; UniqueID = "\OOIGFJJW"
Change component parameters. Clean all parameters for all variants
Change component parameters (AddParameter): Name = "Val"; Value = "380OM"; VariantName = "[No Variations]"
Change component parameters: Designator = "R3"; Footprint = "RES-0.125"; UniqueID = "\IGBOFALZ"
Change component parameters. Clean all parameters for all variants
Change component parameters (AddParameter): Name = "Val"; Value = "11.5K"; VariantName = "[No Variations]"
Change component parameters: Designator = "R4"; Footprint = "RES-0.125"; UniqueID = "\YYHRSYQL"
Change component parameters. Clean all parameters for all variants
Change component parameters (AddParameter): Name = "Val"; Value = "100K"; VariantName = "[No Variations]"
Change component parameters: Designator = "R5"; Footprint = "RES-0.125"; UniqueID = "\GPHQHOQD"
Change component parameters. Clean all parameters for all variants
Change component parameters (AddParameter): Name = "Val"; Value = "100K"; VariantName = "[No Variations]"
